<?xml version="1.0" encoding="UTF-8"?>
<!-- Generated by org.testng.reporters.JUnitReportReporter -->
<testsuite hostname="DESKTOP-CL8T34F" failures="0" tests="14" name="runner.RunnerTestNg" time="110.284" errors="0" timestamp="2023-10-11T20:10:13 CDT" skipped="0">
  <testcase classname="runner.RunnerTestNg" name="runScenario" time="8.909"/>
  <system-out/>
  <testcase classname="runner.RunnerTestNg" name="runScenario" time="8.034"/>
  <system-out/>
  <testcase classname="runner.RunnerTestNg" name="runScenario" time="7.420"/>
  <system-out/>
  <testcase classname="runner.RunnerTestNg" name="runScenario" time="9.088"/>
  <system-out/>
  <testcase classname="runner.RunnerTestNg" name="runScenario" time="6.514"/>
  <system-out/>
  <testcase classname="runner.RunnerTestNg" name="runScenario" time="11.150"/>
  <system-out/>
  <testcase classname="runner.RunnerTestNg" name="runScenario" time="8.258"/>
  <system-out/>
  <testcase classname="runner.RunnerTestNg" name="runScenario" time="8.725"/>
  <system-out/>
  <testcase classname="runner.RunnerTestNg" name="runScenario" time="7.568"/>
  <system-out/>
  <testcase classname="runner.RunnerTestNg" name="runScenario" time="7.389"/>
  <system-out/>
  <testcase classname="runner.RunnerTestNg" name="runScenario" time="5.279"/>
  <system-out/>
  <testcase classname="runner.RunnerTestNg" name="runScenario" time="8.042"/>
  <system-out/>
  <testcase classname="runner.RunnerTestNg" name="runScenario" time="6.119"/>
  <system-out/>
  <testcase classname="runner.RunnerTestNg" name="runScenario" time="7.789"/>
  <system-out/>
</testsuite> <!-- runner.RunnerTestNg -->
